<?xml version="1.0" encoding="UTF-8"?>
<coverage generated="1678121141442" clover="3.2.0">
  <project timestamp="1678121141442" name="All files">
    <metrics statements="11" coveredstatements="10" conditionals="0" coveredconditionals="0" methods="6" coveredmethods="5" elements="17" coveredelements="15" complexity="0" loc="11" ncloc="11" packages="1" files="3" classes="3"/>
    <file name="array.js" path="C:\Users\guilhermerosa\Documents\Formações\Jest_tutorial\jest-tutorial\array.js">
      <metrics statements="4" coveredstatements="3" conditionals="0" coveredconditionals="0" methods="2" coveredmethods="1"/>
      <line num="2" count="3" type="stmt"/>
      <line num="9" count="1" type="stmt"/>
      <line num="14" count="0" type="stmt"/>
      <line num="16" count="1" type="stmt"/>
    </file>
    <file name="calculator.js" path="C:\Users\guilhermerosa\Documents\Formações\Jest_tutorial\jest-tutorial\calculator.js">
      <metrics statements="5" coveredstatements="5" conditionals="0" coveredconditionals="0" methods="3" coveredmethods="3"/>
      <line num="1" count="1" type="stmt"/>
      <line num="3" count="4" type="stmt"/>
      <line num="6" count="1" type="stmt"/>
      <line num="9" count="2" type="stmt"/>
      <line num="12" count="1" type="stmt"/>
    </file>
    <file name="sum.js" path="C:\Users\guilhermerosa\Documents\Formações\Jest_tutorial\jest-tutorial\sum.js">
      <metrics statements="2" coveredstatements="2" conditionals="0" coveredconditionals="0" methods="1" coveredmethods="1"/>
      <line num="2" count="1" type="stmt"/>
      <line num="4" count="1" type="stmt"/>
    </file>
  </project>
</coverage>
