{"C:\\Users\\guilhermerosa\\Documents\\Formações\\Jest_tutorial\\jest-tutorial\\array.js": {"path":"C:\\Users\\guilhermerosa\\Documents\\Formações\\Jest_tutorial\\jest-tutorial\\array.js","statementMap":{"0":{"start":{"line":2,"column":4},"end":{"line":7,"column":6}},"1":{"start":{"line":9,"column":15},"end":{"line":9,"column":65}},"2":{"start":{"line":14,"column":4},"end":{"line":14,"column":58}},"3":{"start":{"line":16,"column":0},"end":{"line":16,"column":56}}},"fnMap":{"0":{"name":"brands","decl":{"start":{"line":1,"column":9},"end":{"line":1,"column":15}},"loc":{"start":{"line":1,"column":18},"end":{"line":8,"column":1}},"line":1},"1":{"name":"papperWeight","decl":{"start":{"line":13,"column":9},"end":{"line":13,"column":21}},"loc":{"start":{"line":13,"column":24},"end":{"line":15,"column":1}},"line":13}},"branchMap":{},"s":{"0":3,"1":1,"2":0,"3":1},"f":{"0":3,"1":0},"b":{},"_coverageSchema":"1a1c01bbd47fc00a2c39e90264f33305004495a9","hash":"6f197cb8748e74e87d3e12d16351567b08834989"}
,"C:\\Users\\guilhermerosa\\Documents\\Formações\\Jest_tutorial\\jest-tutorial\\calculator.js": {"path":"C:\\Users\\guilhermerosa\\Documents\\Formações\\Jest_tutorial\\jest-tutorial\\calculator.js","statementMap":{"0":{"start":{"line":1,"column":21},"end":{"line":11,"column":1}},"1":{"start":{"line":3,"column":8},"end":{"line":3,"column":21}},"2":{"start":{"line":6,"column":8},"end":{"line":6,"column":21}},"3":{"start":{"line":9,"column":8},"end":{"line":9,"column":21}},"4":{"start":{"line":12,"column":0},"end":{"line":12,"column":52}}},"fnMap":{"0":{"name":"(anonymous_0)","decl":{"start":{"line":2,"column":9},"end":{"line":2,"column":10}},"loc":{"start":{"line":2,"column":25},"end":{"line":4,"column":5}},"line":2},"1":{"name":"(anonymous_1)","decl":{"start":{"line":5,"column":10},"end":{"line":5,"column":11}},"loc":{"start":{"line":5,"column":26},"end":{"line":7,"column":5}},"line":5},"2":{"name":"(anonymous_2)","decl":{"start":{"line":8,"column":13},"end":{"line":8,"column":14}},"loc":{"start":{"line":8,"column":29},"end":{"line":10,"column":5}},"line":8}},"branchMap":{},"s":{"0":1,"1":4,"2":1,"3":2,"4":1},"f":{"0":4,"1":1,"2":2},"b":{},"_coverageSchema":"1a1c01bbd47fc00a2c39e90264f33305004495a9","hash":"5b184ddabc283c65873812622e84c2751e4c4b48"}
,"C:\\Users\\guilhermerosa\\Documents\\Formações\\Jest_tutorial\\jest-tutorial\\sum.js": {"path":"C:\\Users\\guilhermerosa\\Documents\\Formações\\Jest_tutorial\\jest-tutorial\\sum.js","statementMap":{"0":{"start":{"line":2,"column":4},"end":{"line":2,"column":17}},"1":{"start":{"line":4,"column":0},"end":{"line":4,"column":21}}},"fnMap":{"0":{"name":"sum","decl":{"start":{"line":1,"column":9},"end":{"line":1,"column":12}},"loc":{"start":{"line":1,"column":19},"end":{"line":3,"column":1}},"line":1}},"branchMap":{},"s":{"0":1,"1":1},"f":{"0":1},"b":{},"_coverageSchema":"1a1c01bbd47fc00a2c39e90264f33305004495a9","hash":"2d12b442937832f9057653c940f447c4e7e774f5"}
}
